<?xml version="1.0" encoding="UTF-8"?>
<!-- Generated by org.testng.reporters.JUnitXMLReporter -->
<testsuite ignored="7" hostname="MohamedHamdy_29" failures="0" tests="18" name="Restful-Booker API Tests" time="53.565" errors="0" timestamp="2025-08-17T15:53:19 EEST">
  <testcase classname="com.example.apitesting.tests.apis.AuthTests" name="testCreateToken" time="17.678"/>
  <testcase classname="com.example.apitesting.tests.apis.CreateBookingTests" name="testCreateBooking" time="2.603"/>
  <testcase classname="com.example.apitesting.tests.apis.GetBookingTests" name="testGetAllBookingIds" time="1.451"/>
  <testcase classname="com.example.apitesting.tests.apis.GetBookingTests" name="testGetBookingById" time="1.946"/>
  <testcase classname="com.example.apitesting.tests.apis.UpdateBookingTests" name="testUpdateBooking" time="0.993"/>
  <testcase classname="com.example.apitesting.tests.apis.UpdateBookingTests" name="testUpdateBookingInvalidToken" time="0.951"/>
  <testcase classname="com.example.apitesting.tests.apis.DeleteBookingTests" name="testDeleteBooking" time="2.823"/>
  <testcase classname="com.example.apitesting.tests.apis.SearchBookingTests" name="testSearchBookingByDates" time="1.463"/>
  <testcase classname="com.example.apitesting.tests.apis.SearchBookingTests" name="testSearchBookingByName" time="2.471"/>
  <testcase classname="com.example.apitesting.tests.E2ETests" name="testBookingLifecycle" time="6.388"/>
  <testcase classname="com.example.apitesting.tests.ErrorScenarioTests" name="testAuthWithInvalidCredentials" time="0.92"/>
  <testcase classname="com.example.apitesting.tests.ErrorScenarioTests" name="testCreateBookingInvalidJson" time="0.896"/>
  <testcase classname="com.example.apitesting.tests.ErrorScenarioTests" name="testDeleteBookingWithInvalidToken" time="0.894"/>
  <testcase classname="com.example.apitesting.tests.ErrorScenarioTests" name="testDeleteNonExistentBooking" time="0.89"/>
  <testcase classname="com.example.apitesting.tests.ErrorScenarioTests" name="testGetNonExistentBooking" time="0.882"/>
  <testcase classname="com.example.apitesting.tests.ErrorScenarioTests" name="testUpdateBookingWithInvalidToken" time="0.902"/>
  <testcase classname="com.example.apitesting.tests.ErrorScenarioTests" name="testUpdateNonExistentBooking" time="0.863"/>
  <testcase classname="com.example.apitesting.tests.apis.PartialUpdateBookingTests" name="testPartialUpdateBooking" time="1.057"/>
  <testcase classname="com.example.apitesting.base.BaseTest" name="@BeforeSuite setup" time="0.0">
    <ignored/>
  </testcase> <!-- @BeforeSuite setup -->
  <testcase classname="com.example.apitesting.base.BaseTest" name="@BeforeSuite setup" time="0.0">
    <ignored/>
  </testcase> <!-- @BeforeSuite setup -->
  <testcase classname="com.example.apitesting.base.BaseTest" name="@BeforeSuite setup" time="0.0">
    <ignored/>
  </testcase> <!-- @BeforeSuite setup -->
  <testcase classname="com.example.apitesting.base.BaseTest" name="@BeforeSuite setup" time="0.0">
    <ignored/>
  </testcase> <!-- @BeforeSuite setup -->
  <testcase classname="com.example.apitesting.base.BaseTest" name="@BeforeSuite setup" time="0.0">
    <ignored/>
  </testcase> <!-- @BeforeSuite setup -->
  <testcase classname="com.example.apitesting.base.BaseTest" name="@BeforeSuite setup" time="0.0">
    <ignored/>
  </testcase> <!-- @BeforeSuite setup -->
  <testcase classname="com.example.apitesting.base.BaseTest" name="@BeforeSuite setup" time="0.0">
    <ignored/>
  </testcase> <!-- @BeforeSuite setup -->
</testsuite> <!-- Restful-Booker API Tests -->
